Using pre-set license

 COMMAND LINE ARGUMENTS:
/Applications/Unity/Hub/Editor/2020.3.7f1/Unity.app/Contents/MacOS/Unity
-adb2
-batchMode
-noUpm
-name
AssetImportWorker0
-projectPath
/Users/patrickdonahue/Desktop/My project (6)
-logFile
Logs/AssetImportWorker0.log
-srvPort
51008
Successfully changed project path to: /Users/patrickdonahue/Desktop/My project (6)
/Users/patrickdonahue/Desktop/My project (6)
Using Asset Import Pipeline V2.
Refreshing native plugins compatible for Editor in 33.44 ms, found 1 plugins.
Preloading 0 native plugins for Editor in 0.00 ms.
Initialize engine version: 2020.3.7f1 (dd97f2c94397)
[Subsystems] Discovering subsystems at path /Applications/Unity/Hub/Editor/2020.3.7f1/Unity.app/Contents/Resources/UnitySubsystems
[Subsystems] Discovering subsystems at path /Users/patrickdonahue/Desktop/My project (6)/Assets
GfxDevice: creating device client; threaded=0
2022-11-30 11:44:34.269 Unity[23941:235572] (null) preferred device: Apple M2 (high power)
2022-11-30 11:44:34.269 Unity[23941:235572] Metal devices available: 1
2022-11-30 11:44:34.269 Unity[23941:235572] 0: Apple M2 (high power)
2022-11-30 11:44:34.269 Unity[23941:235572] Using device Apple M2 (high power)
Initializing Metal device caps: Apple M2
Initialize mono
Mono path[0] = '/Applications/Unity/Hub/Editor/2020.3.7f1/Unity.app/Contents/Managed'
Mono path[1] = '/Applications/Unity/Hub/Editor/2020.3.7f1/Unity.app/Contents/MonoBleedingEdge/lib/mono/unityjit'
Mono config path = '/Applications/Unity/Hub/Editor/2020.3.7f1/Unity.app/Contents/MonoBleedingEdge/etc'
Using monoOptions --debugger-agent=transport=dt_socket,embedding=1,server=y,suspend=n,address=127.0.0.1:56941
Begin MonoManager ReloadAssembly
Registering precompiled unity dll's ...
Register platform support module: /Applications/Unity/Hub/Editor/2020.3.7f1/Unity.app/Contents/PlaybackEngines/MacStandaloneSupport/UnityEditor.OSXStandalone.Extensions.dll
Registered in 0.001829 seconds.
Native extension for OSXStandalone target not found
Refreshing native plugins compatible for Editor in 29.90 ms, found 1 plugins.
Preloading 0 native plugins for Editor in 0.00 ms.
Mono: successfully reloaded assembly
- Completed reload, in  3.242 seconds
Platform modules already initialized, skipping
Registering precompiled user dll's ...
Registered in 0.002373 seconds.
Begin MonoManager ReloadAssembly
Native extension for OSXStandalone target not found
Refreshing native plugins compatible for Editor in 0.43 ms, found 1 plugins.
Preloading 0 native plugins for Editor in 0.00 ms.
Mono: successfully reloaded assembly
- Completed reload, in  1.818 seconds
Platform modules already initialized, skipping
========================================================================
Worker process is ready to serve import requests
Launching external process: /Applications/Unity/Hub/Editor/2020.3.7f1/Unity.app/Contents/Tools/UnityShaderCompiler
Launched and connected shader compiler UnityShaderCompiler after 0.03 seconds
Refreshing native plugins compatible for Editor in 0.36 ms, found 1 plugins.
Preloading 0 native plugins for Editor in 0.00 ms.
Unloading 1234 Unused Serialized files (Serialized files now loaded: 0)
System memory in use before: 68.2 MB.
System memory in use after: 68.3 MB.

Unloading 33 unused Assets to reduce memory usage. Loaded Objects now: 1661.
Total: 2.143083 ms (FindLiveObjects: 0.344250 ms CreateObjectMapping: 0.020292 ms MarkObjects: 1.714250 ms  DeleteObjects: 0.063417 ms)

========================================================================
Received Prepare
Refreshing native plugins compatible for Editor in 5.89 ms, found 1 plugins.
Preloading 0 native plugins for Editor in 0.00 ms.
Unloading 25 Unused Serialized files (Serialized files now loaded: 0)
System memory in use before: 43.8 MB.
System memory in use after: 43.9 MB.

Unloading 25 unused Assets to reduce memory usage. Loaded Objects now: 1661.
Total: 5.038583 ms (FindLiveObjects: 0.224000 ms CreateObjectMapping: 0.019709 ms MarkObjects: 4.767625 ms  DeleteObjects: 0.026500 ms)

