Using pre-set license

 COMMAND LINE ARGUMENTS:
/Applications/Unity/Hub/Editor/2020.3.7f1/Unity.app/Contents/MacOS/Unity
-adb2
-batchMode
-noUpm
-name
AssetImportWorker0
-projectPath
/Users/patrickdonahue/My project (6)
-logFile
Logs/AssetImportWorker0.log
-srvPort
50855
Successfully changed project path to: /Users/patrickdonahue/My project (6)
/Users/patrickdonahue/My project (6)
Using Asset Import Pipeline V2.
Refreshing native plugins compatible for Editor in 34.02 ms, found 1 plugins.
Preloading 0 native plugins for Editor in 0.00 ms.
Initialize engine version: 2020.3.7f1 (dd97f2c94397)
[Subsystems] Discovering subsystems at path /Applications/Unity/Hub/Editor/2020.3.7f1/Unity.app/Contents/Resources/UnitySubsystems
[Subsystems] Discovering subsystems at path /Users/patrickdonahue/My project (6)/Assets
GfxDevice: creating device client; threaded=0
2022-11-30 11:39:31.363 Unity[23296:226475] (null) preferred device: Apple M2 (high power)
2022-11-30 11:39:31.363 Unity[23296:226475] Metal devices available: 1
2022-11-30 11:39:31.363 Unity[23296:226475] 0: Apple M2 (high power)
2022-11-30 11:39:31.363 Unity[23296:226475] Using device Apple M2 (high power)
Initializing Metal device caps: Apple M2
Initialize mono
Mono path[0] = '/Applications/Unity/Hub/Editor/2020.3.7f1/Unity.app/Contents/Managed'
Mono path[1] = '/Applications/Unity/Hub/Editor/2020.3.7f1/Unity.app/Contents/MonoBleedingEdge/lib/mono/unityjit'
Mono config path = '/Applications/Unity/Hub/Editor/2020.3.7f1/Unity.app/Contents/MonoBleedingEdge/etc'
Using monoOptions --debugger-agent=transport=dt_socket,embedding=1,server=y,suspend=n,address=127.0.0.1:56296
Begin MonoManager ReloadAssembly
Registering precompiled unity dll's ...
Register platform support module: /Applications/Unity/Hub/Editor/2020.3.7f1/Unity.app/Contents/PlaybackEngines/MacStandaloneSupport/UnityEditor.OSXStandalone.Extensions.dll
Registered in 0.000398 seconds.
Native extension for OSXStandalone target not found
Refreshing native plugins compatible for Editor in 27.68 ms, found 1 plugins.
Preloading 0 native plugins for Editor in 0.00 ms.
Mono: successfully reloaded assembly
- Completed reload, in  3.288 seconds
Platform modules already initialized, skipping
Registering precompiled user dll's ...
Registered in 0.001382 seconds.
Begin MonoManager ReloadAssembly
Native extension for OSXStandalone target not found
Refreshing native plugins compatible for Editor in 0.37 ms, found 1 plugins.
Preloading 0 native plugins for Editor in 0.00 ms.
Mono: successfully reloaded assembly
- Completed reload, in  1.868 seconds
Platform modules already initialized, skipping
========================================================================
Worker process is ready to serve import requests
Launching external process: /Applications/Unity/Hub/Editor/2020.3.7f1/Unity.app/Contents/Tools/UnityShaderCompiler
Launched and connected shader compiler UnityShaderCompiler after 0.19 seconds
Refreshing native plugins compatible for Editor in 0.39 ms, found 1 plugins.
Preloading 0 native plugins for Editor in 0.00 ms.
Unloading 1234 Unused Serialized files (Serialized files now loaded: 0)
System memory in use before: 68.2 MB.
System memory in use after: 68.3 MB.

Unloading 33 unused Assets to reduce memory usage. Loaded Objects now: 1661.
Total: 12.848167 ms (FindLiveObjects: 0.148417 ms CreateObjectMapping: 0.020541 ms MarkObjects: 12.449917 ms  DeleteObjects: 0.228625 ms)

========================================================================
Received Import Request.
  path: Assets/Plugins/Instabug
  artifactKey: Guid(e78589f10fb134f018e71b0231a4adbf) Importer(815301076,1909f56bfc062723c751e8b465ee728b)
Start importing Assets/Plugins/Instabug using Guid(e78589f10fb134f018e71b0231a4adbf) Importer(815301076,1909f56bfc062723c751e8b465ee728b)  -> (artifact id: '5d4f54dcf05e360e9f29a6742db5843d') in 0.005748 seconds
  Import took 0.008408 seconds .

AssetImportWorkerClient::OnTransportError - code=2 error=End of file
